ERROR:root:Error posting tweet ID 714: 429 Too Many Requests
Too Many Requests
ERROR:root:Error posting tweet ID 715: 429 Too Many Requests
Too Many Requests
ERROR:root:Error posting tweet ID 716: 429 Too Many Requests
Too Many Requests
ERROR:root:Error posting tweet ID 717: 429 Too Many Requests
Too Many Requests
ERROR:root:Error posting tweet ID 718: 429 Too Many Requests
Too Many Requests
ERROR:root:Error posting tweet ID 719: 429 Too Many Requests
Too Many Requests
ERROR:root:Error posting tweet ID 720: 429 Too Many Requests
Too Many Requests
ERROR:root:Error posting tweet ID 721: 429 Too Many Requests
Too Many Requests
ERROR:root:Error posting tweet ID 722: 429 Too Many Requests
Too Many Requests
ERROR:root:Error posting tweet ID 723: 429 Too Many Requests
Too Many Requests
ERROR:root:Error posting tweet ID 724: 429 Too Many Requests
Too Many Requests
ERROR:root:Error posting tweet ID 725: 429 Too Many Requests
Too Many Requests
ERROR:root:Error posting tweet ID 726: 429 Too Many Requests
Too Many Requests
ERROR:root:Error posting tweet ID 727: 429 Too Many Requests
Too Many Requests
ERROR:root:Error posting tweet ID 728: 429 Too Many Requests
Too Many Requests
ERROR:root:Error posting tweet ID 729: 429 Too Many Requests
Too Many Requests
ERROR:root:Error posting tweet ID 730: 429 Too Many Requests
Too Many Requests
ERROR:root:Error posting tweet ID 731: 429 Too Many Requests
Too Many Requests
ERROR:root:Error posting tweet ID 732: 429 Too Many Requests
Too Many Requests
ERROR:root:Error posting tweet ID 733: 429 Too Many Requests
Too Many Requests
ERROR:root:Error posting tweet ID 734: 429 Too Many Requests
Too Many Requests
ERROR:root:Error posting tweet ID 735: 429 Too Many Requests
Too Many Requests
ERROR:root:Error posting tweet ID 736: 429 Too Many Requests
Too Many Requests
ERROR:root:Error posting tweet ID 737: 429 Too Many Requests
Too Many Requests
ERROR:root:Error posting tweet ID 805: 429 Too Many Requests
Too Many Requests
ERROR:root:Error posting tweet ID 805: 429 Too Many Requests
Too Many Requests
ERROR:root:Error posting tweet ID 805: 429 Too Many Requests
Too Many Requests
ERROR:root:Error posting tweet ID 805: 429 Too Many Requests
Too Many Requests
ERROR:root:Error posting tweet ID 805: 429 Too Many Requests
Too Many Requests
ERROR:root:Error posting tweet ID 805: 429 Too Many Requests
Too Many Requests
ERROR:root:Error posting tweet ID 805: 429 Too Many Requests
Too Many Requests
ERROR:root:Error posting tweet ID 805: 429 Too Many Requests
Too Many Requests
ERROR:root:Error posting tweet ID 805: 429 Too Many Requests
Too Many Requests
ERROR:root:Error posting tweet ID 805: 429 Too Many Requests
Too Many Requests
ERROR:root:Error posting tweet ID 805: 429 Too Many Requests
Too Many Requests
ERROR:root:Error posting tweet ID 805: 429 Too Many Requests
Too Many Requests
ERROR:root:Error posting tweet ID 805: 429 Too Many Requests
Too Many Requests
ERROR:root:Error posting tweet ID 805: 429 Too Many Requests
Too Many Requests
ERROR:root:Error posting tweet ID 805: 429 Too Many Requests
Too Many Requests
ERROR:root:Error posting tweet ID 805: 429 Too Many Requests
Too Many Requests
ERROR:root:Error posting tweet ID 805: 429 Too Many Requests
Too Many Requests
ERROR:root:Error posting tweet ID 805: 429 Too Many Requests
Too Many Requests
ERROR:root:Error posting tweet ID 805: 429 Too Many Requests
Too Many Requests
ERROR:root:Error posting tweet ID 805: 429 Too Many Requests
Too Many Requests
ERROR:root:Error posting tweet ID 805: 429 Too Many Requests
Too Many Requests
ERROR:root:Error posting tweet ID 805: 429 Too Many Requests
Too Many Requests
ERROR:root:Error posting tweet ID 805: 429 Too Many Requests
Too Many Requests
ERROR:root:Error posting tweet ID 805: 429 Too Many Requests
Too Many Requests
ERROR:root:Error posting tweet ID 805: 429 Too Many Requests
Too Many Requests
ERROR:root:Error posting tweet ID 805: 429 Too Many Requests
Too Many Requests
ERROR:root:Error posting tweet ID 805: 429 Too Many Requests
Too Many Requests
ERROR:root:Error posting tweet ID 805: 429 Too Many Requests
Too Many Requests
ERROR:root:Error posting tweet ID 805: 429 Too Many Requests
Too Many Requests
ERROR:root:Error posting tweet ID 805: 429 Too Many Requests
Too Many Requests
ERROR:root:Error posting tweet ID 805: 429 Too Many Requests
Too Many Requests
ERROR:root:Error posting tweet ID 805: 429 Too Many Requests
Too Many Requests
ERROR:root:Error posting tweet ID 805: 429 Too Many Requests
Too Many Requests
ERROR:root:Error posting tweet ID 805: 429 Too Many Requests
Too Many Requests
ERROR:root:Error posting tweet ID 805: 429 Too Many Requests
Too Many Requests
ERROR:root:Error posting tweet ID 805: 429 Too Many Requests
Too Many Requests
ERROR:root:Error posting tweet ID 805: 429 Too Many Requests
Too Many Requests
ERROR:root:Error posting tweet ID 805: 429 Too Many Requests
Too Many Requests
ERROR:root:Error posting tweet ID 805: 429 Too Many Requests
Too Many Requests
ERROR:root:Error posting tweet ID 805: 429 Too Many Requests
Too Many Requests
ERROR:root:Error posting tweet ID 805: 429 Too Many Requests
Too Many Requests
ERROR:root:Rate limit reached. Pausing for 15 minutes. Error: 429 Too Many Requests
Too Many Requests
ERROR:root:Rate limit reached. Pausing for 15 minutes. Error: 429 Too Many Requests
Too Many Requests
ERROR:root:Rate limit reached. Pausing for 15 minutes. Error: 429 Too Many Requests
Too Many Requests
ERROR:root:Rate limit reached. Pausing for 15 minutes. Error: 429 Too Many Requests
Too Many Requests
ERROR:root:Rate limit reached. Pausing for 15 minutes. Error: 429 Too Many Requests
Too Many Requests
ERROR:root:Rate limit reached. Pausing for 15 minutes. Error: 429 Too Many Requests
Too Many Requests
ERROR:root:Rate limit reached. Pausing for 15 minutes. Error: 429 Too Many Requests
Too Many Requests
ERROR:root:Rate limit reached. Pausing for 15 minutes. Error: 429 Too Many Requests
Too Many Requests
ERROR:root:Rate limit reached. Pausing for 15 minutes. Error: 429 Too Many Requests
Too Many Requests
ERROR:root:Rate limit reached. Pausing for 15 minutes. Error: 429 Too Many Requests
Too Many Requests
ERROR:root:Rate limit reached. Pausing for 15 minutes. Error: 429 Too Many Requests
Too Many Requests
ERROR:root:Rate limit reached. Pausing for 15 minutes. Error: 429 Too Many Requests
Too Many Requests
ERROR:root:Rate limit reached. Pausing for 15 minutes. Error: 429 Too Many Requests
Too Many Requests
ERROR:root:Rate limit reached. Pausing for 15 minutes. Error: 429 Too Many Requests
Too Many Requests
ERROR:root:Rate limit reached. Pausing for 15 minutes. Error: 429 Too Many Requests
Too Many Requests
ERROR:root:Rate limit reached. Pausing for 15 minutes. Error: 429 Too Many Requests
Too Many Requests
ERROR:root:Rate limit reached. Pausing for 15 minutes. Error: 429 Too Many Requests
Too Many Requests
ERROR:root:Rate limit reached. Pausing for 15 minutes. Error: 429 Too Many Requests
Too Many Requests
ERROR:root:Rate limit reached. Pausing for 15 minutes. Error: 429 Too Many Requests
Too Many Requests
ERROR:root:Rate limit reached. Pausing for 15 minutes. Error: 429 Too Many Requests
Too Many Requests
ERROR:root:Rate limit reached. Pausing for 15 minutes. Error: 429 Too Many Requests
Too Many Requests
ERROR:root:Rate limit reached. Pausing for 15 minutes. Error: 429 Too Many Requests
Too Many Requests
ERROR:root:Rate limit reached. Pausing for 15 minutes. Error: 429 Too Many Requests
Too Many Requests
ERROR:root:Rate limit reached. Pausing for 15 minutes. Error: 429 Too Many Requests
Too Many Requests
ERROR:root:Rate limit reached. Pausing for 15 minutes. Error: 429 Too Many Requests
Too Many Requests
ERROR:root:Rate limit reached. Pausing for 15 minutes. Error: 429 Too Many Requests
Too Many Requests
ERROR:root:Rate limit reached. Pausing for 15 minutes. Error: 429 Too Many Requests
Too Many Requests
ERROR:root:Rate limit reached. Pausing for 15 minutes. Error: 429 Too Many Requests
Too Many Requests
ERROR:root:Rate limit reached. Pausing for 15 minutes. Error: 429 Too Many Requests
Too Many Requests
ERROR:root:Rate limit reached. Pausing for 15 minutes. Error: 429 Too Many Requests
Too Many Requests
ERROR:root:Rate limit reached. Pausing for 15 minutes. Error: 429 Too Many Requests
Too Many Requests
ERROR:root:Rate limit reached. Pausing for 15 minutes. Error: 429 Too Many Requests
Too Many Requests
ERROR:root:Rate limit reached. Pausing for 15 minutes. Error: 429 Too Many Requests
Too Many Requests
ERROR:root:Rate limit reached. Pausing for 15 minutes. Error: 429 Too Many Requests
Too Many Requests
ERROR:root:Rate limit reached. Pausing for 15 minutes. Error: 429 Too Many Requests
Too Many Requests
ERROR:root:Rate limit reached. Pausing for 15 minutes. Error: 429 Too Many Requests
Too Many Requests
ERROR:root:Rate limit reached. Pausing for 15 minutes. Error: 429 Too Many Requests
Too Many Requests
ERROR:root:Rate limit reached. Pausing for 15 minutes. Error: 429 Too Many Requests
Too Many Requests
ERROR:root:Rate limit reached. Pausing for 15 minutes. Error: 429 Too Many Requests
Too Many Requests
ERROR:root:Rate limit reached. Pausing for 15 minutes. Error: 429 Too Many Requests
Too Many Requests
ERROR:root:Rate limit reached. Pausing for 15 minutes. Error: 429 Too Many Requests
Too Many Requests
ERROR:root:Rate limit reached. Pausing for 15 minutes. Error: 429 Too Many Requests
Too Many Requests
ERROR:root:Rate limit reached. Pausing for 15 minutes. Error: 429 Too Many Requests
Too Many Requests
ERROR:root:Rate limit reached. Pausing for 15 minutes. Error: 429 Too Many Requests
Too Many Requests
ERROR:root:Unexpected error: list index out of range
ERROR:root:Unexpected error: list index out of range
ERROR:root:Unexpected error: list index out of range
ERROR:root:Unexpected error: list index out of range
ERROR:root:Unexpected error: list index out of range
ERROR:root:Unexpected error: list index out of range
ERROR:root:Unexpected error: list index out of range
ERROR:root:Unexpected error: list index out of range
ERROR:root:Unexpected error: list index out of range
ERROR:root:Unexpected error: list index out of range
ERROR:root:Unexpected error: list index out of range
ERROR:root:Unexpected error: list index out of range
ERROR:root:Unexpected error: list index out of range
ERROR:root:Unexpected error: list index out of range
ERROR:root:Unexpected error: list index out of range
ERROR:root:Unexpected error: list index out of range
ERROR:root:Unexpected error: list index out of range
ERROR:root:Unexpected error: list index out of range
ERROR:root:Unexpected error: list index out of range
ERROR:root:Unexpected error: list index out of range
ERROR:root:Unexpected error: list index out of range
ERROR:root:Rate limit reached. Pausing for 15 minutes. Error: 429 Too Many Requests
Too Many Requests
ERROR:root:Rate limit reached. Pausing for 15 minutes. Error: 429 Too Many Requests
Too Many Requests
ERROR:root:Rate limit reached. Pausing for 15 minutes. Error: 429 Too Many Requests
Too Many Requests
ERROR:root:Rate limit reached. Pausing for 15 minutes. Error: 429 Too Many Requests
Too Many Requests
ERROR:root:Rate limit reached. Pausing for 15 minutes. Error: 429 Too Many Requests
Too Many Requests
ERROR:root:Rate limit reached. Pausing for 15 minutes. Error: 429 Too Many Requests
Too Many Requests
ERROR:root:Rate limit reached. Pausing for 15 minutes. Error: 429 Too Many Requests
Too Many Requests
ERROR:root:Rate limit reached. Pausing for 15 minutes. Error: 429 Too Many Requests
Too Many Requests
ERROR:root:Error posting tweet: 400 Bad Request
Your Tweet text is too long. For more information on how Twitter determines text length see https://github.com/twitter/twitter-text.
ERROR:root:Error posting tweet: 400 Bad Request
Your Tweet text is too long. For more information on how Twitter determines text length see https://github.com/twitter/twitter-text.
ERROR:root:Error posting tweet: 400 Bad Request
Your Tweet text is too long. For more information on how Twitter determines text length see https://github.com/twitter/twitter-text.
ERROR:root:Error posting tweet: 400 Bad Request
Your Tweet text is too long. For more information on how Twitter determines text length see https://github.com/twitter/twitter-text.
ERROR:root:Error posting tweet: 400 Bad Request
Your Tweet text is too long. For more information on how Twitter determines text length see https://github.com/twitter/twitter-text.
ERROR:root:Error posting tweet: 400 Bad Request
Your Tweet text is too long. For more information on how Twitter determines text length see https://github.com/twitter/twitter-text.
ERROR:root:Error posting tweet: 400 Bad Request
Your Tweet text is too long. For more information on how Twitter determines text length see https://github.com/twitter/twitter-text.
ERROR:root:Error posting tweet: 400 Bad Request
Your Tweet text is too long. For more information on how Twitter determines text length see https://github.com/twitter/twitter-text.
ERROR:root:Error posting tweet: 400 Bad Request
Your Tweet text is too long. For more information on how Twitter determines text length see https://github.com/twitter/twitter-text.
ERROR:root:Error posting tweet: 400 Bad Request
Your Tweet text is too long. For more information on how Twitter determines text length see https://github.com/twitter/twitter-text.
ERROR:root:Error posting tweet: 400 Bad Request
Your Tweet text is too long. For more information on how Twitter determines text length see https://github.com/twitter/twitter-text.
ERROR:root:Error posting tweet: 400 Bad Request
Your Tweet text is too long. For more information on how Twitter determines text length see https://github.com/twitter/twitter-text.
ERROR:root:Error posting tweet: 400 Bad Request
Your Tweet text is too long. For more information on how Twitter determines text length see https://github.com/twitter/twitter-text.
ERROR:root:Error posting tweet: 400 Bad Request
Your Tweet text is too long. For more information on how Twitter determines text length see https://github.com/twitter/twitter-text.
ERROR:root:Error posting tweet: 400 Bad Request
Your Tweet text is too long. For more information on how Twitter determines text length see https://github.com/twitter/twitter-text.
ERROR:root:Error posting tweet: 400 Bad Request
Your Tweet text is too long. For more information on how Twitter determines text length see https://github.com/twitter/twitter-text.
ERROR:root:Error posting tweet: 400 Bad Request
Your Tweet text is too long. For more information on how Twitter determines text length see https://github.com/twitter/twitter-text.
ERROR:root:Error posting tweet: 400 Bad Request
Your Tweet text is too long. For more information on how Twitter determines text length see https://github.com/twitter/twitter-text.
ERROR:root:Error posting tweet: 400 Bad Request
Your Tweet text is too long. For more information on how Twitter determines text length see https://github.com/twitter/twitter-text.
ERROR:root:Error posting tweet: 400 Bad Request
Your Tweet text is too long. For more information on how Twitter determines text length see https://github.com/twitter/twitter-text.
ERROR:root:Error posting tweet: 400 Bad Request
Your Tweet text is too long. For more information on how Twitter determines text length see https://github.com/twitter/twitter-text.
ERROR:root:Error posting tweet: 400 Bad Request
Your Tweet text is too long. For more information on how Twitter determines text length see https://github.com/twitter/twitter-text.
ERROR:root:Error posting tweet: 400 Bad Request
Your Tweet text is too long. For more information on how Twitter determines text length see https://github.com/twitter/twitter-text.
ERROR:root:Error posting tweet: 400 Bad Request
Your Tweet text is too long. For more information on how Twitter determines text length see https://github.com/twitter/twitter-text.
ERROR:root:Error posting tweet: 400 Bad Request
Your Tweet text is too long. For more information on how Twitter determines text length see https://github.com/twitter/twitter-text.
ERROR:root:Error posting tweet: 400 Bad Request
Your Tweet text is too long. For more information on how Twitter determines text length see https://github.com/twitter/twitter-text.
ERROR:root:Error posting tweet: 400 Bad Request
Your Tweet text is too long. For more information on how Twitter determines text length see https://github.com/twitter/twitter-text.
ERROR:root:Error posting tweet: 400 Bad Request
Your Tweet text is too long. For more information on how Twitter determines text length see https://github.com/twitter/twitter-text.
ERROR:root:Error posting tweet: 400 Bad Request
Your Tweet text is too long. For more information on how Twitter determines text length see https://github.com/twitter/twitter-text.
ERROR:root:Error posting tweet: 400 Bad Request
Your Tweet text is too long. For more information on how Twitter determines text length see https://github.com/twitter/twitter-text.
ERROR:root:Error posting tweet: 400 Bad Request
Your Tweet text is too long. For more information on how Twitter determines text length see https://github.com/twitter/twitter-text.
ERROR:root:Error posting tweet: 400 Bad Request
Your Tweet text is too long. For more information on how Twitter determines text length see https://github.com/twitter/twitter-text.
ERROR:root:Error posting tweet: 400 Bad Request
Your Tweet text is too long. For more information on how Twitter determines text length see https://github.com/twitter/twitter-text.
ERROR:root:Error posting tweet: 400 Bad Request
Your Tweet text is too long. For more information on how Twitter determines text length see https://github.com/twitter/twitter-text.
ERROR:root:Error posting tweet: 400 Bad Request
Your Tweet text is too long. For more information on how Twitter determines text length see https://github.com/twitter/twitter-text.
ERROR:root:Error posting tweet: 400 Bad Request
Your Tweet text is too long. For more information on how Twitter determines text length see https://github.com/twitter/twitter-text.
ERROR:root:Error posting tweet: 400 Bad Request
Your Tweet text is too long. For more information on how Twitter determines text length see https://github.com/twitter/twitter-text.
ERROR:root:Error posting tweet: 400 Bad Request
Your Tweet text is too long. For more information on how Twitter determines text length see https://github.com/twitter/twitter-text.
ERROR:root:Error posting tweet: 400 Bad Request
Your Tweet text is too long. For more information on how Twitter determines text length see https://github.com/twitter/twitter-text.
ERROR:root:Error posting tweet: 400 Bad Request
Your Tweet text is too long. For more information on how Twitter determines text length see https://github.com/twitter/twitter-text.
ERROR:root:Error posting tweet: 400 Bad Request
Your Tweet text is too long. For more information on how Twitter determines text length see https://github.com/twitter/twitter-text.
ERROR:root:Error posting tweet: 400 Bad Request
Your Tweet text is too long. For more information on how Twitter determines text length see https://github.com/twitter/twitter-text.
ERROR:root:Error posting tweet: 400 Bad Request
Your Tweet text is too long. For more information on how Twitter determines text length see https://github.com/twitter/twitter-text.
ERROR:root:Error posting tweet: 400 Bad Request
Your Tweet text is too long. For more information on how Twitter determines text length see https://github.com/twitter/twitter-text.
ERROR:root:Error posting tweet: 400 Bad Request
Your Tweet text is too long. For more information on how Twitter determines text length see https://github.com/twitter/twitter-text.
ERROR:root:Error posting tweet: 400 Bad Request
Your Tweet text is too long. For more information on how Twitter determines text length see https://github.com/twitter/twitter-text.
ERROR:root:Error posting tweet: 400 Bad Request
Your Tweet text is too long. For more information on how Twitter determines text length see https://github.com/twitter/twitter-text.
ERROR:root:Error posting tweet: 400 Bad Request
Your Tweet text is too long. For more information on how Twitter determines text length see https://github.com/twitter/twitter-text.
ERROR:root:Error posting tweet: 400 Bad Request
Your Tweet text is too long. For more information on how Twitter determines text length see https://github.com/twitter/twitter-text.
ERROR:root:Error posting tweet: 400 Bad Request
Your Tweet text is too long. For more information on how Twitter determines text length see https://github.com/twitter/twitter-text.
ERROR:root:Error posting tweet: 400 Bad Request
Your Tweet text is too long. For more information on how Twitter determines text length see https://github.com/twitter/twitter-text.
ERROR:root:Error posting tweet: 400 Bad Request
Your Tweet text is too long. For more information on how Twitter determines text length see https://github.com/twitter/twitter-text.
ERROR:root:Error posting tweet: 400 Bad Request
Your Tweet text is too long. For more information on how Twitter determines text length see https://github.com/twitter/twitter-text.
ERROR:root:Error posting tweet: 400 Bad Request
Your Tweet text is too long. For more information on how Twitter determines text length see https://github.com/twitter/twitter-text.
ERROR:root:Error posting tweet: 400 Bad Request
Your Tweet text is too long. For more information on how Twitter determines text length see https://github.com/twitter/twitter-text.
ERROR:root:Error posting tweet: 400 Bad Request
Your Tweet text is too long. For more information on how Twitter determines text length see https://github.com/twitter/twitter-text.
ERROR:root:Error posting tweet: 400 Bad Request
Your Tweet text is too long. For more information on how Twitter determines text length see https://github.com/twitter/twitter-text.
ERROR:root:Error posting tweet: 400 Bad Request
Your Tweet text is too long. For more information on how Twitter determines text length see https://github.com/twitter/twitter-text.
ERROR:root:Error posting tweet: 400 Bad Request
Your Tweet text is too long. For more information on how Twitter determines text length see https://github.com/twitter/twitter-text.
ERROR:root:Error posting tweet: 400 Bad Request
Your Tweet text is too long. For more information on how Twitter determines text length see https://github.com/twitter/twitter-text.
ERROR:root:Error posting tweet: 400 Bad Request
Your Tweet text is too long. For more information on how Twitter determines text length see https://github.com/twitter/twitter-text.
ERROR:root:Error posting tweet: 400 Bad Request
Your Tweet text is too long. For more information on how Twitter determines text length see https://github.com/twitter/twitter-text.
ERROR:root:Error posting tweet: 400 Bad Request
Your Tweet text is too long. For more information on how Twitter determines text length see https://github.com/twitter/twitter-text.
ERROR:root:Error posting tweet: 400 Bad Request
Your Tweet text is too long. For more information on how Twitter determines text length see https://github.com/twitter/twitter-text.
ERROR:root:Error posting tweet: 400 Bad Request
Your Tweet text is too long. For more information on how Twitter determines text length see https://github.com/twitter/twitter-text.
ERROR:root:Error posting tweet: 400 Bad Request
Your Tweet text is too long. For more information on how Twitter determines text length see https://github.com/twitter/twitter-text.
ERROR:root:Error posting tweet: 400 Bad Request
Your Tweet text is too long. For more information on how Twitter determines text length see https://github.com/twitter/twitter-text.
ERROR:root:Error posting tweet: 400 Bad Request
Your Tweet text is too long. For more information on how Twitter determines text length see https://github.com/twitter/twitter-text.
ERROR:root:Error posting tweet: 400 Bad Request
Your Tweet text is too long. For more information on how Twitter determines text length see https://github.com/twitter/twitter-text.
ERROR:root:Error posting tweet: 400 Bad Request
Your Tweet text is too long. For more information on how Twitter determines text length see https://github.com/twitter/twitter-text.
ERROR:root:Error posting tweet: 400 Bad Request
Your Tweet text is too long. For more information on how Twitter determines text length see https://github.com/twitter/twitter-text.
ERROR:root:Error posting tweet: 400 Bad Request
Your Tweet text is too long. For more information on how Twitter determines text length see https://github.com/twitter/twitter-text.
ERROR:root:Error posting tweet: 400 Bad Request
Your Tweet text is too long. For more information on how Twitter determines text length see https://github.com/twitter/twitter-text.
ERROR:root:Error posting tweet: 400 Bad Request
Your Tweet text is too long. For more information on how Twitter determines text length see https://github.com/twitter/twitter-text.
ERROR:root:Error posting tweet: 400 Bad Request
Your Tweet text is too long. For more information on how Twitter determines text length see https://github.com/twitter/twitter-text.
ERROR:root:Error posting tweet: 400 Bad Request
Your Tweet text is too long. For more information on how Twitter determines text length see https://github.com/twitter/twitter-text.
ERROR:root:Error posting tweet: 400 Bad Request
Your Tweet text is too long. For more information on how Twitter determines text length see https://github.com/twitter/twitter-text.
ERROR:root:Error posting tweet: 400 Bad Request
Your Tweet text is too long. For more information on how Twitter determines text length see https://github.com/twitter/twitter-text.
ERROR:root:Error posting tweet: 400 Bad Request
Your Tweet text is too long. For more information on how Twitter determines text length see https://github.com/twitter/twitter-text.
ERROR:root:Error posting tweet: 400 Bad Request
Your Tweet text is too long. For more information on how Twitter determines text length see https://github.com/twitter/twitter-text.
ERROR:root:Error posting tweet: 400 Bad Request
Your Tweet text is too long. For more information on how Twitter determines text length see https://github.com/twitter/twitter-text.
ERROR:root:Error posting tweet: 400 Bad Request
Your Tweet text is too long. For more information on how Twitter determines text length see https://github.com/twitter/twitter-text.
ERROR:root:Error posting tweet: 400 Bad Request
Your Tweet text is too long. For more information on how Twitter determines text length see https://github.com/twitter/twitter-text.
ERROR:root:Error posting tweet: 400 Bad Request
Your Tweet text is too long. For more information on how Twitter determines text length see https://github.com/twitter/twitter-text.
ERROR:root:Error posting tweet: 400 Bad Request
Your Tweet text is too long. For more information on how Twitter determines text length see https://github.com/twitter/twitter-text.
ERROR:root:Error posting tweet: 400 Bad Request
Your Tweet text is too long. For more information on how Twitter determines text length see https://github.com/twitter/twitter-text.
ERROR:root:Error posting tweet: 400 Bad Request
Your Tweet text is too long. For more information on how Twitter determines text length see https://github.com/twitter/twitter-text.
ERROR:root:Error posting tweet: 400 Bad Request
Your Tweet text is too long. For more information on how Twitter determines text length see https://github.com/twitter/twitter-text.
ERROR:root:Error posting tweet: 400 Bad Request
Your Tweet text is too long. For more information on how Twitter determines text length see https://github.com/twitter/twitter-text.
ERROR:root:Error posting tweet: 400 Bad Request
Your Tweet text is too long. For more information on how Twitter determines text length see https://github.com/twitter/twitter-text.
ERROR:root:Rate limit reached. Pausing for 15 minutes. Error: 429 Too Many Requests
Too Many Requests
ERROR:root:Error posting tweet: 400 Bad Request
Your Tweet text is too long. For more information on how Twitter determines text length see https://github.com/twitter/twitter-text.
ERROR:root:Error posting tweet: 400 Bad Request
Your Tweet text is too long. For more information on how Twitter determines text length see https://github.com/twitter/twitter-text.
ERROR:root:Rate limit reached. Pausing for 15 minutes. Error: 429 Too Many Requests
Too Many Requests
ERROR:root:Rate limit reached. Pausing for 15 minutes. Error: 429 Too Many Requests
Too Many Requests
ERROR:root:Rate limit reached. Pausing for 15 minutes. Error: 429 Too Many Requests
Too Many Requests
ERROR:root:Rate limit reached. Pausing for 15 minutes. Error: 429 Too Many Requests
Too Many Requests
ERROR:root:Rate limit reached. Pausing for 15 minutes. Error: 429 Too Many Requests
Too Many Requests
ERROR:root:Rate limit reached. Pausing for 15 minutes. Error: 429 Too Many Requests
Too Many Requests
ERROR:root:Rate limit reached. Pausing for 15 minutes. Error: 429 Too Many Requests
Too Many Requests
ERROR:root:Rate limit reached. Pausing for 15 minutes. Error: 429 Too Many Requests
Too Many Requests
ERROR:root:Rate limit reached. Pausing for 15 minutes. Error: 429 Too Many Requests
Too Many Requests
ERROR:root:Rate limit reached. Pausing for 15 minutes. Error: 429 Too Many Requests
Too Many Requests
ERROR:root:Rate limit reached. Pausing for 15 minutes. Error: 429 Too Many Requests
Too Many Requests
ERROR:root:Rate limit reached. Pausing for 15 minutes. Error: 429 Too Many Requests
Too Many Requests
ERROR:root:Rate limit reached. Pausing for 15 minutes. Error: 429 Too Many Requests
Too Many Requests
ERROR:root:Rate limit reached. Pausing for 15 minutes. Error: 429 Too Many Requests
Too Many Requests
ERROR:root:Rate limit reached. Pausing for 15 minutes. Error: 429 Too Many Requests
Too Many Requests
ERROR:root:Rate limit reached. Pausing for 15 minutes. Error: 429 Too Many Requests
Too Many Requests
ERROR:root:Rate limit reached. Pausing for 15 minutes. Error: 429 Too Many Requests
Too Many Requests
ERROR:root:Rate limit reached. Pausing for 15 minutes. Error: 429 Too Many Requests
Too Many Requests
ERROR:root:Rate limit reached. Pausing for 15 minutes. Error: 429 Too Many Requests
Too Many Requests
ERROR:root:Rate limit reached. Pausing for 15 minutes. Error: 429 Too Many Requests
Too Many Requests
ERROR:root:Rate limit reached. Pausing for 15 minutes. Error: 429 Too Many Requests
Too Many Requests
ERROR:root:Rate limit reached. Pausing for 15 minutes. Error: 429 Too Many Requests
Too Many Requests
ERROR:root:Rate limit reached. Pausing for 15 minutes. Error: 429 Too Many Requests
Too Many Requests
ERROR:root:Rate limit reached. Pausing for 15 minutes. Error: 429 Too Many Requests
Too Many Requests
ERROR:root:Rate limit reached. Pausing for 15 minutes. Error: 429 Too Many Requests
Too Many Requests
ERROR:root:Rate limit reached. Pausing for 15 minutes. Error: 429 Too Many Requests
Too Many Requests
ERROR:root:Rate limit reached. Pausing for 15 minutes. Error: 429 Too Many Requests
Too Many Requests
ERROR:root:Rate limit reached. Pausing for 15 minutes. Error: 429 Too Many Requests
Too Many Requests
ERROR:root:Rate limit reached. Pausing for 15 minutes. Error: 429 Too Many Requests
Too Many Requests
ERROR:root:Rate limit reached. Pausing for 15 minutes. Error: 429 Too Many Requests
Too Many Requests
ERROR:root:Rate limit reached. Pausing for 15 minutes. Error: 429 Too Many Requests
Too Many Requests
ERROR:root:Rate limit reached. Pausing for 15 minutes. Error: 429 Too Many Requests
Too Many Requests
ERROR:root:Rate limit reached. Pausing for 15 minutes. Error: 429 Too Many Requests
Too Many Requests
ERROR:root:Rate limit reached. Pausing for 15 minutes. Error: 429 Too Many Requests
Too Many Requests
ERROR:root:Rate limit reached. Pausing for 15 minutes. Error: 429 Too Many Requests
Too Many Requests
ERROR:root:Rate limit reached. Pausing for 15 minutes. Error: 429 Too Many Requests
Too Many Requests
ERROR:root:Rate limit reached. Pausing for 15 minutes. Error: 429 Too Many Requests
Too Many Requests
ERROR:root:Rate limit reached. Pausing for 15 minutes. Error: 429 Too Many Requests
Too Many Requests
ERROR:root:Rate limit reached. Pausing for 15 minutes. Error: 429 Too Many Requests
Too Many Requests
ERROR:root:Rate limit reached. Pausing for 15 minutes. Error: 429 Too Many Requests
Too Many Requests
ERROR:root:Rate limit reached. Pausing for 15 minutes. Error: 429 Too Many Requests
Too Many Requests
ERROR:root:Rate limit reached. Pausing for 15 minutes. Error: 429 Too Many Requests
Too Many Requests
ERROR:root:Rate limit reached. Pausing for 15 minutes. Error: 429 Too Many Requests
Too Many Requests
ERROR:root:Rate limit reached. Pausing for 15 minutes. Error: 429 Too Many Requests
Too Many Requests
ERROR:root:Rate limit reached. Pausing for 15 minutes. Error: 429 Too Many Requests
Too Many Requests
ERROR:root:Rate limit reached. Pausing for 15 minutes. Error: 429 Too Many Requests
Too Many Requests
ERROR:root:Rate limit reached. Pausing for 15 minutes. Error: 429 Too Many Requests
Too Many Requests
ERROR:root:Rate limit reached. Pausing for 15 minutes. Error: 429 Too Many Requests
Too Many Requests
ERROR:root:Rate limit reached. Pausing for 15 minutes. Error: 429 Too Many Requests
Too Many Requests
ERROR:root:Rate limit reached. Pausing for 15 minutes. Error: 429 Too Many Requests
Too Many Requests
ERROR:root:Rate limit reached. Pausing for 15 minutes. Error: 429 Too Many Requests
Too Many Requests
ERROR:root:Rate limit reached. Pausing for 15 minutes. Error: 429 Too Many Requests
Too Many Requests
ERROR:root:Rate limit reached. Pausing for 15 minutes. Error: 429 Too Many Requests
Too Many Requests
ERROR:root:Rate limit reached. Pausing for 15 minutes. Error: 429 Too Many Requests
Too Many Requests
ERROR:root:Rate limit reached. Pausing for 15 minutes. Error: 429 Too Many Requests
Too Many Requests
ERROR:root:Rate limit reached. Pausing for 15 minutes. Error: 429 Too Many Requests
Too Many Requests
ERROR:root:Rate limit reached. Pausing for 15 minutes. Error: 429 Too Many Requests
Too Many Requests
ERROR:root:Rate limit reached. Pausing for 15 minutes. Error: 429 Too Many Requests
Too Many Requests
ERROR:root:Rate limit reached. Pausing for 15 minutes. Error: 429 Too Many Requests
Too Many Requests
ERROR:root:Rate limit reached. Pausing for 15 minutes. Error: 429 Too Many Requests
Too Many Requests
ERROR:root:Rate limit reached. Pausing for 15 minutes. Error: 429 Too Many Requests
Too Many Requests
ERROR:root:Rate limit reached. Pausing for 15 minutes. Error: 429 Too Many Requests
Too Many Requests
ERROR:root:Rate limit reached. Pausing for 15 minutes. Error: 429 Too Many Requests
Too Many Requests
ERROR:root:Rate limit reached. Pausing for 15 minutes. Error: 429 Too Many Requests
Too Many Requests
ERROR:root:Rate limit reached. Pausing for 15 minutes. Error: 429 Too Many Requests
Too Many Requests
ERROR:root:Rate limit reached. Pausing for 15 minutes. Error: 429 Too Many Requests
Too Many Requests
ERROR:root:Rate limit reached. Pausing for 15 minutes. Error: 429 Too Many Requests
Too Many Requests
ERROR:root:Rate limit reached. Pausing for 15 minutes. Error: 429 Too Many Requests
Too Many Requests
ERROR:root:Rate limit reached. Pausing for 15 minutes. Error: 429 Too Many Requests
Too Many Requests
ERROR:root:Rate limit reached. Pausing for 15 minutes. Error: 429 Too Many Requests
Too Many Requests
ERROR:root:Rate limit reached. Pausing for 15 minutes. Error: 429 Too Many Requests
Too Many Requests
